<?xml version="1.0" encoding="UTF-8"?>
<!-- Generated by org.testng.reporters.JUnitReportReporter -->
<testsuite hostname="DESKTOP-HNS75MC" failures="0" tests="1" name="test.ProjectMaven.W3SchoolsTest" time="13.148" errors="0" timestamp="8 Sep 2023 14:44:34 GMT">
  <testcase classname="test.ProjectMaven.W3SchoolsTest" name="searchForW3Schools" time="13.148"/>
</testsuite> <!-- test.ProjectMaven.W3SchoolsTest -->
