<?xml version="1.0" encoding="UTF-8"?>
<!-- Generated by org.testng.reporters.JUnitReportReporter -->
<testsuite hostname="DESKTOP-HNS75MC" failures="0" tests="3" name="com.GoogleTest" time="0.169" errors="0" timestamp="2023-09-08T19:18:30 IST" skipped="0">
  <testcase classname="com.GoogleTest" name="testGoogleLogo" time="0.071"/>
  <testcase classname="com.GoogleTest" name="testSearchBox" time="0.042"/>
  <testcase classname="com.GoogleTest" name="testButtonNames" time="0.056"/>
</testsuite> <!-- com.GoogleTest -->
