<?xml version="1.0" encoding="UTF-8"?>
<!-- Generated by org.testng.reporters.JUnitReportReporter -->
<testsuite hostname="DESKTOP-HNS75MC" failures="0" tests="1" name="com.W3SchoolsTest" time="17.795" errors="0" timestamp="2023-09-08T19:18:30 IST" skipped="0">
  <testcase classname="com.W3SchoolsTest" name="searchForW3Schools" time="17.795"/>
</testsuite> <!-- com.W3SchoolsTest -->
