<?xml version="1.0" encoding="UTF-8"?>
<!-- Generated by org.testng.reporters.JUnitReportReporter -->
<testsuite hostname="DESKTOP-HNS75MC" failures="0" tests="5" name="test.ECommerceTest1.ECommerceTest" time="18.055" errors="0" timestamp="2023-09-24T20:05:13 IST" skipped="0">
  <testcase classname="test.ECommerceTest1.ECommerceTest" name="verifyFlipkartLogo" time="5.299"/>
  <system-out/>
  <testcase classname="test.ECommerceTest1.ECommerceTest" name="verifyTextBoxandSearch" time="5.240"/>
  <system-out/>
  <testcase classname="test.ECommerceTest1.ECommerceTest" name="verifyClickOnFirstDisplayedItem" time="1.170"/>
  <system-out/>
  <testcase classname="test.ECommerceTest1.ECommerceTest" name="verifyAddToCart" time="6.286"/>
  <system-out/>
  <testcase classname="test.ECommerceTest1.ECommerceTest" name="verifyProductInCart" time="0.060"/>
  <system-out/>
</testsuite> <!-- test.ECommerceTest1.ECommerceTest -->
